
> rest-express@1.0.0 dev
> NODE_ENV=development npx tsx server/index.ts

[PNetAPIService] Configured with Org ID: 120911, Sender ID: 21965
Default tenant already exists: Avatar Human Capital
2:28:32 AM [express] serving on port 5000
2:28:32 AM [express] Background reminder checker started (runs every hour)
[DataCollectionService] Starting background data collection service
2:28:32 AM [express] Background data collection service started (checks every minute)
2:28:55 AM [express] GET /api/tenant-config 200 in 240ms :: {"id":"1580efd0-8445-4afb-b961-d20ca1802…
2:29:45 AM [express] GET /api/tenant-config 200 in 252ms :: {"id":"1580efd0-8445-4afb-b961-d20ca1802…
2:29:58 AM [express] GET /api/fleetlogix/loads 401 in 1ms :: {"error":"Unauthorized"}
2:29:58 AM [express] GET /api/fleetlogix/drivers 401 in 1ms :: {"error":"Unauthorized"}
2:29:58 AM [express] GET /api/fleetlogix/vehicles 401 in 2ms :: {"error":"Unauthorized"}
2:29:58 AM [express] GET /api/fleetlogix/routes 401 in 2ms :: {"error":"Unauthorized"}
2:30:01 AM [express] GET /api/fleetlogix/loads 401 in 1ms :: {"error":"Unauthorized"}
2:30:01 AM [express] GET /api/fleetlogix/drivers 401 in 2ms :: {"error":"Unauthorized"}
2:30:01 AM [express] GET /api/fleetlogix/routes 401 in 2ms :: {"error":"Unauthorized"}
2:30:01 AM [express] GET /api/fleetlogix/vehicles 401 in 1ms :: {"error":"Unauthorized"}
2:30:24 AM [express] GET /api/tenant-config 200 in 292ms :: {"id":"1580efd0-8445-4afb-b961-d20ca1802…
2:30:36 AM [express] GET /api/fleetlogix/routes 401 in 2ms :: {"error":"Unauthorized"}
2:30:36 AM [express] GET /api/fleetlogix/vehicles 401 in 2ms :: {"error":"Unauthorized"}
2:30:36 AM [express] GET /api/fleetlogix/drivers 401 in 2ms :: {"error":"Unauthorized"}
2:30:36 AM [express] GET /api/fleetlogix/loads 401 in 1ms :: {"error":"Unauthorized"}
2:30:39 AM [express] GET /api/fleetlogix/loads 401 in 1ms :: {"error":"Unauthorized"}
2:30:39 AM [express] GET /api/fleetlogix/drivers 401 in 1ms :: {"error":"Unauthorized"}
2:30:39 AM [express] GET /api/fleetlogix/routes 401 in 0ms :: {"error":"Unauthorized"}
2:30:39 AM [express] GET /api/fleetlogix/vehicles 401 in 1ms :: {"error":"Unauthorized"}
2:31:09 AM [express] GET /api/tenant-config 200 in 308ms :: {"id":"1580efd0-8445-4afb-b961-d20ca1802…
2:31:41 AM [express] GET /api/tenant-config 200 in 235ms :: {"id":"1580efd0-8445-4afb-b961-d20ca1802…
2:31:54 AM [express] GET /api/fleetlogix/loads 401 in 1ms :: {"error":"Unauthorized"}
2:31:55 AM [express] GET /api/fleetlogix/drivers 401 in 1ms :: {"error":"Unauthorized"}
2:31:55 AM [express] GET /api/fleetlogix/routes 401 in 1ms :: {"error":"Unauthorized"}
2:31:55 AM [express] GET /api/fleetlogix/vehicles 401 in 2ms :: {"error":"Unauthorized"}
2:32:01 AM [express] GET /api/fleetlogix/routes 401 in 1ms :: {"error":"Unauthorized"}
2:32:01 AM [express] GET /api/fleetlogix/drivers 401 in 2ms :: {"error":"Unauthorized"}
2:32:01 AM [express] GET /api/fleetlogix/vehicles 401 in 1ms :: {"error":"Unauthorized"}
2:32:01 AM [express] GET /api/fleetlogix/loads 401 in 1ms :: {"error":"Unauthorized"}
Error resolving tenant: ErrorEvent {
  [Symbol(kTarget)]: WebSocket {
    _events: [Object: null prototype] {
      error: [Function],
      message: [Function],
      close: [Function],
      open: [Function]
    },
    _eventsCount: 4,
    _maxListeners: undefined,
    _binaryType: 'arraybuffer',
    _closeCode: 1006,
    _closeFrameReceived: false,
    _closeFrameSent: false,
    _closeMessage: <Buffer >,
    _closeTimer: null,
    _errorEmitted: true,
    _extensions: {},
    _paused: false,
    _protocol: '',
    _readyState: 3,
    _receiver: null,
    _sender: null,
    _socket: null,
    _bufferedAmount: 0,
    _isServer: false,
    _redirects: 0,
    _autoPong: true,
    _closeTimeout: 30000,
    _url: 'wss://ep-cool-hall-af1nklal.c-2.us-west-2.aws.neon.tech/v2',
    _req: null,
    [Symbol(shapeMode)]: false,
    [Symbol(kCapture)]: false
  },
  [Symbol(kType)]: 'error',
  [Symbol(kError)]: Error: getaddrinfo EAI_AGAIN ep-cool-hall-af1nklal.c-2.us-west-2.aws.neon.tech
      at GetAddrInfoReqWrap.onlookupall [as oncomplete] (node:dns:120:26) {
    errno: -3001,
    code: 'EAI_AGAIN',
    syscall: 'getaddrinfo',
    hostname: 'ep-cool-hall-af1nklal.c-2.us-west-2.aws.neon.tech'
  },
  [Symbol(kMessage)]: 'getaddrinfo EAI_AGAIN ep-cool-hall-af1nklal.c-2.us-west-2.aws.neon.tech'
}
[DataCollectionService] Error processing scheduled syncs: ErrorEvent {
  [Symbol(kTarget)]: WebSocket {
    _events: [Object: null prototype] {
      error: [Function],
      message: [Function],
      close: [Function],
      open: [Function]
    },
    _eventsCount: 4,
    _maxListeners: undefined,
    _binaryType: 'arraybuffer',
    _closeCode: 1006,
    _closeFrameReceived: false,
    _closeFrameSent: false,
    _closeMessage: <Buffer >,
    _closeTimer: null,
    _errorEmitted: true,
    _extensions: {},
    _paused: false,
    _protocol: '',
    _readyState: 3,
    _receiver: null,
    _sender: null,
    _socket: null,
    _bufferedAmount: 0,
    _isServer: false,
    _redirects: 0,
    _autoPong: true,
    _closeTimeout: 30000,
    _url: 'wss://ep-cool-hall-af1nklal.c-2.us-west-2.aws.neon.tech/v2',
    _req: null,
    [Symbol(shapeMode)]: false,
    [Symbol(kCapture)]: false
  },
  [Symbol(kType)]: 'error',
  [Symbol(kError)]: Error: getaddrinfo EAI_AGAIN ep-cool-hall-af1nklal.c-2.us-west-2.aws.neon.tech
      at GetAddrInfoReqWrap.onlookupall [as oncomplete] (node:dns:120:26) {
    errno: -3001,
    code: 'EAI_AGAIN',
    syscall: 'getaddrinfo',
    hostname: 'ep-cool-hall-af1nklal.c-2.us-west-2.aws.neon.tech'
  },
  [Symbol(kMessage)]: 'getaddrinfo EAI_AGAIN ep-cool-hall-af1nklal.c-2.us-west-2.aws.neon.tech'
}
11:23:02 AM [express] GET /api/tenant-config 200 in 248ms :: {"id":"1580efd0-8445-4afb-b961-d20ca1802…
11:23:17 AM [express] GET /api/fleetlogix/routes 401 in 2ms :: {"error":"Unauthorized"}
11:23:17 AM [express] GET /api/fleetlogix/vehicles 401 in 2ms :: {"error":"Unauthorized"}
11:23:20 AM [express] GET /api/fleetlogix/loads 401 in 1ms :: {"error":"Unauthorized"}
11:23:20 AM [express] GET /api/fleetlogix/drivers 401 in 2ms :: {"error":"Unauthorized"}
11:23:23 AM [express] GET /api/fleetlogix/loads 401 in 2ms :: {"error":"Unauthorized"}
11:23:23 AM [express] GET /api/fleetlogix/vehicles 401 in 1ms :: {"error":"Unauthorized"}
11:23:23 AM [express] GET /api/fleetlogix/drivers 401 in 1ms :: {"error":"Unauthorized"}
11:23:23 AM [express] GET /api/fleetlogix/routes 401 in 1ms :: {"error":"Unauthorized"}
11:23:52 AM [express] GET /api/tenant-config 200 in 242ms :: {"id":"1580efd0-8445-4afb-b961-d20ca1802…
11:24:10 AM [express] GET /api/fleetlogix/loads 401 in 1ms :: {"error":"Unauthorized"}
11:24:10 AM [express] GET /api/fleetlogix/drivers 401 in 1ms :: {"error":"Unauthorized"}
11:24:10 AM [express] GET /api/fleetlogix/vehicles 401 in 1ms :: {"error":"Unauthorized"}
11:24:10 AM [express] GET /api/fleetlogix/routes 401 in 1ms :: {"error":"Unauthorized"}
11:24:13 AM [express] GET /api/fleetlogix/loads 401 in 3ms :: {"error":"Unauthorized"}
11:24:13 AM [express] GET /api/fleetlogix/drivers 401 in 2ms :: {"error":"Unauthorized"}
11:24:13 AM [express] GET /api/fleetlogix/vehicles 401 in 2ms :: {"error":"Unauthorized"}
11:24:13 AM [express] GET /api/fleetlogix/routes 401 in 2ms :: {"error":"Unauthorized"}
11:24:42 AM [express] GET /api/tenant-config 200 in 236ms :: {"id":"1580efd0-8445-4afb-b961-d20ca1802…
11:24:58 AM [express] GET /api/fleetlogix/drivers 401 in 2ms :: {"error":"Unauthorized"}
11:24:58 AM [express] GET /api/fleetlogix/loads 401 in 2ms :: {"error":"Unauthorized"}
11:24:58 AM [express] GET /api/fleetlogix/vehicles 401 in 3ms :: {"error":"Unauthorized"}
11:24:58 AM [express] GET /api/fleetlogix/routes 401 in 3ms :: {"error":"Unauthorized"}
11:25:01 AM [express] GET /api/fleetlogix/drivers 401 in 2ms :: {"error":"Unauthorized"}
11:25:01 AM [express] GET /api/fleetlogix/loads 401 in 2ms :: {"error":"Unauthorized"}
11:25:01 AM [express] GET /api/fleetlogix/vehicles 401 in 3ms :: {"error":"Unauthorized"}
11:25:01 AM [express] GET /api/fleetlogix/routes 401 in 3ms :: {"error":"Unauthorized"}
11:25:22 AM [express] GET /api/tenant-config 200 in 243ms :: {"id":"1580efd0-8445-4afb-b961-d20ca1802…
11:25:36 AM [express] GET /api/fleetlogix/loads 401 in 2ms :: {"error":"Unauthorized"}
11:25:36 AM [express] GET /api/fleetlogix/drivers 401 in 1ms :: {"error":"Unauthorized"}
11:25:36 AM [express] GET /api/fleetlogix/vehicles 401 in 2ms :: {"error":"Unauthorized"}
11:25:36 AM [express] GET /api/fleetlogix/routes 401 in 1ms :: {"error":"Unauthorized"}
11:25:42 AM [express] GET /api/fleetlogix/drivers 401 in 2ms :: {"error":"Unauthorized"}
11:25:42 AM [express] GET /api/fleetlogix/vehicles 401 in 2ms :: {"error":"Unauthorized"}
11:25:42 AM [express] GET /api/fleetlogix/loads 401 in 1ms :: {"error":"Unauthorized"}
11:25:42 AM [express] GET /api/fleetlogix/routes 401 in 3ms :: {"error":"Unauthorized"}
11:27:14 AM [express] GET /api/tenant-config 200 in 239ms :: {"id":"1580efd0-8445-4afb-b961-d20ca1802…
11:27:30 AM [express] GET /api/fleetlogix/loads 401 in 3ms :: {"error":"Unauthorized"}
11:27:31 AM [express] GET /api/fleetlogix/vehicles 401 in 2ms :: {"error":"Unauthorized"}
11:27:31 AM [express] GET /api/fleetlogix/routes 401 in 2ms :: {"error":"Unauthorized"}
11:27:31 AM [express] GET /api/fleetlogix/drivers 401 in 2ms :: {"error":"Unauthorized"}
11:27:34 AM [express] GET /api/fleetlogix/loads 401 in 3ms :: {"error":"Unauthorized"}
11:27:34 AM [express] GET /api/fleetlogix/drivers 401 in 2ms :: {"error":"Unauthorized"}
11:27:34 AM [express] GET /api/fleetlogix/routes 401 in 2ms :: {"error":"Unauthorized"}
11:27:34 AM [express] GET /api/fleetlogix/vehicles 401 in 2ms :: {"error":"Unauthorized"}
11:47:00 AM [express] GET /api/tenant 500 in 856ms
Error [ERR_MODULE_NOT_FOUND]: Cannot find module '/home/zubeid/AvatarHumanCapital/node_modules/vite/dist/node/chunks/dep-D-7KCb9p.js' imported from /home/zubeid/AvatarHumanCapital/node_modules/vite/dist/node/chunks/dep-BK3b2jBa.js
    at finalizeResolution (node:internal/modules/esm/resolve:283:11)
    at moduleResolve (node:internal/modules/esm/resolve:952:10)
    at defaultResolve (node:internal/modules/esm/resolve:1188:11)
    at nextResolve (node:internal/modules/esm/hooks:864:28)
    at resolveBase (file:///home/zubeid/AvatarHumanCapital/node_modules/tsx/dist/esm/index.mjs?1768523308222:2:3744)
    at resolveDirectory (file:///home/zubeid/AvatarHumanCapital/node_modules/tsx/dist/esm/index.mjs?1768523308222:2:4243)
    at resolveTsPaths (file:///home/zubeid/AvatarHumanCapital/node_modules/tsx/dist/esm/index.mjs?1768523308222:2:4984)
    at resolve (file:///home/zubeid/AvatarHumanCapital/node_modules/tsx/dist/esm/index.mjs?1768523308222:2:5361)
    at nextResolve (node:internal/modules/esm/hooks:864:28)
    at o (file:///home/zubeid/AvatarHumanCapital/node_modules/@tailwindcss/node/dist/esm-cache.loader.mjs:1:69)
